#
# A fatal error has been detected by the Java Runtime Environment:
#
#  EXCEPTION_ACCESS_VIOLATION (0xc0000005) at pc=0x000000005af50ea3, pid=18040, tid=0x00000000000024d0
#
# JRE version: Java(TM) SE Runtime Environment (8.0_281-b09) (build 1.8.0_281-b09)
# Java VM: Java HotSpot(TM) 64-Bit Server VM (25.281-b09 mixed mode windows-amd64 compressed oops)
# Problematic frame:
# V  [jvm.dll+0x100ea3]
#
# Failed to write core dump. Minidumps are not enabled by default on client versions of Windows
#
# If you would like to submit a bug report, please visit:
#   http://bugreport.java.com/bugreport/crash.jsp
#

---------------  T H R E A D  ---------------

Current thread (0x000001d838b6c800):  JavaThread "JDWP Transport Listener: dt_socket" daemon [_thread_in_vm, id=9424, stack(0x000000d416900000,0x000000d416a00000)]

siginfo: ExceptionCode=0xc0000005, reading address 0x000001d83dd87c60

Registers:
RAX=0x0000000000009c50, RBX=0x0000000000000018, RCX=0x000001d83dd39990, RDX=0x0000000000009c50
RSP=0x000000d4169feec8, RBP=0x0000000000000003, RSI=0x000001d83dd39990, RDI=0x000001d83dd39d65
R8 =0x0000000000000000, R9 =0x0000000000000000, R10=0x000000d4169ff100, R11=0x000000d4169ff100
R12=0x0000000100418760, R13=0x0000000000000005, R14=0x0000000000000018, R15=0x0000000000000000
RIP=0x000000005af50ea3, EFLAGS=0x0000000000010206

Top of Stack: (sp=0x000000d4169feec8)
0x000000d4169feec8:   000000005af1ff96 0000000000000018
0x000000d4169feed8:   000001d83dd39990 0000000000000000
0x000000d4169feee8:   00007ffa6666fde6 0000000000000000
0x000000d4169feef8:   0000000000000009 000001d83dd39990
0x000000d4169fef08:   000001d83dd39d60 000001d83dd39990
0x000000d4169fef18:   000001d838b6c800 000001d838b6a5d0
0x000000d4169fef28:   000000005af44deb 0000000000000057
0x000000d4169fef38:   000001d838b54050 00000000000000b0
0x000000d4169fef48:   000001d838b6c800 0000000000000000
0x000000d4169fef58:   0000000000000000 000000d4169ff100
0x000000d4169fef68:   0000000000000001 000001d838b6a5d0
0x000000d4169fef78:   000001d838b6c800 000000d4169ff100
0x000000d4169fef88:   000000005af1f42c 000000d4169ff100
0x000000d4169fef98:   000001d83dd39d70 000001d838b6a500
0x000000d4169fefa8:   000000d4169ff030 000001d822a08ec0
0x000000d4169fefb8:   000000005af2579a 000001d83af38fd0 

Instructions: (pc=0x000000005af50ea3)
0x000000005af50e83:   00 48 81 c4 28 07 00 00 41 5f 41 5e 41 5d 5f 5b
0x000000005af50e93:   5d c3 cc cc cc cc cc cc cc cc cc cc cc 48 63 c2
0x000000005af50ea3:   48 8b 4c c1 50 48 89 4c 24 08 f6 d1 48 8b 44 24
0x000000005af50eb3:   08 f6 c1 01 74 05 48 8b 40 10 c3 48 83 e0 fe c3 


Register to memory mapping:

RAX=0x0000000000009c50 is an unknown value
RBX=0x0000000000000018 is an unknown value
RCX=0x000001d83dd39990 is pointing into metadata
RDX=0x0000000000009c50 is an unknown value
RSP=0x000000d4169feec8 is pointing into the stack for thread: 0x000001d838b6c800
RBP=0x0000000000000003 is an unknown value
RSI=0x000001d83dd39990 is pointing into metadata
RDI=0x000001d83dd39d65 is pointing into metadata
R8 =0x0000000000000000 is an unknown value
R9 =0x0000000000000000 is an unknown value
R10=0x000000d4169ff100 is pointing into the stack for thread: 0x000001d838b6c800
R11=0x000000d4169ff100 is pointing into the stack for thread: 0x000001d838b6c800
R12=0x0000000100418760 is pointing into metadata
R13=0x0000000000000005 is an unknown value
R14=0x0000000000000018 is an unknown value
R15=0x0000000000000000 is an unknown value


Stack: [0x000000d416900000,0x000000d416a00000],  sp=0x000000d4169feec8,  free space=1019k
Native frames: (J=compiled Java code, j=interpreted, Vv=VM code, C=native code)
V  [jvm.dll+0x100ea3]


---------------  P R O C E S S  ---------------

Java Threads: ( => current thread )
  0x000001d83c634800 JavaThread "DestroyJavaVM" [_thread_blocked, id=20176, stack(0x000000d415b00000,0x000000d415c00000)]
  0x000001d83c634000 JavaThread "http-nio-8080-Acceptor" daemon [_thread_in_native, id=22416, stack(0x000000d418300000,0x000000d418400000)]
  0x000001d83c639800 JavaThread "http-nio-8080-Poller" daemon [_thread_in_native, id=18768, stack(0x000000d418200000,0x000000d418300000)]
  0x000001d83c632800 JavaThread "http-nio-8080-exec-10" daemon [_thread_blocked, id=19280, stack(0x000000d418100000,0x000000d418200000)]
  0x000001d83c633000 JavaThread "http-nio-8080-exec-9" daemon [_thread_blocked, id=21684, stack(0x000000d418000000,0x000000d418100000)]
  0x000001d83c637000 JavaThread "http-nio-8080-exec-8" daemon [_thread_blocked, id=1968, stack(0x000000d417f00000,0x000000d418000000)]
  0x000001d83c638800 JavaThread "http-nio-8080-exec-7" daemon [_thread_blocked, id=16576, stack(0x000000d417e00000,0x000000d417f00000)]
  0x000001d83c638000 JavaThread "http-nio-8080-exec-6" daemon [_thread_blocked, id=19248, stack(0x000000d417d00000,0x000000d417e00000)]
  0x000001d83c636800 JavaThread "http-nio-8080-exec-5" daemon [_thread_blocked, id=13128, stack(0x000000d417c00000,0x000000d417d00000)]
  0x000001d83c631800 JavaThread "http-nio-8080-exec-4" daemon [_thread_blocked, id=7748, stack(0x000000d417b00000,0x000000d417c00000)]
  0x000001d83c62b000 JavaThread "http-nio-8080-exec-3" daemon [_thread_blocked, id=14792, stack(0x000000d417a00000,0x000000d417b00000)]
  0x000001d83c62a000 JavaThread "http-nio-8080-exec-2" daemon [_thread_blocked, id=21216, stack(0x000000d417900000,0x000000d417a00000)]
  0x000001d83c629800 JavaThread "http-nio-8080-exec-1" daemon [_thread_blocked, id=16208, stack(0x000000d417800000,0x000000d417900000)]
  0x000001d83c4c5000 JavaThread "container-0" [_thread_blocked, id=20584, stack(0x000000d417700000,0x000000d417800000)]
  0x000001d83c4c4000 JavaThread "Catalina-utility-2" [_thread_blocked, id=10156, stack(0x000000d417600000,0x000000d417700000)]
  0x000001d83c4b5800 JavaThread "Catalina-utility-1" [_thread_blocked, id=17096, stack(0x000000d417500000,0x000000d417600000)]
  0x000001d83b249000 JavaThread "RMI TCP Accept-0" daemon [_thread_in_native, id=9064, stack(0x000000d417300000,0x000000d417400000)]
  0x000001d83b201800 JavaThread "RMI TCP Accept-57255" daemon [_thread_in_native, id=19320, stack(0x000000d417200000,0x000000d417300000)]
  0x000001d83b1f2000 JavaThread "RMI TCP Accept-0" daemon [_thread_in_native, id=15356, stack(0x000000d417100000,0x000000d417200000)]
  0x000001d83aefe000 JavaThread "Service Thread" daemon [_thread_blocked, id=17520, stack(0x000000d417000000,0x000000d417100000)]
  0x000001d83aef5800 JavaThread "C1 CompilerThread3" daemon [_thread_blocked, id=12804, stack(0x000000d416f00000,0x000000d417000000)]
  0x000001d83aef4800 JavaThread "C2 CompilerThread2" daemon [_thread_blocked, id=17540, stack(0x000000d416e00000,0x000000d416f00000)]
  0x000001d83af04800 JavaThread "C2 CompilerThread1" daemon [_thread_blocked, id=3824, stack(0x000000d416d00000,0x000000d416e00000)]
  0x000001d83aedd000 JavaThread "C2 CompilerThread0" daemon [_thread_blocked, id=22008, stack(0x000000d416c00000,0x000000d416d00000)]
  0x000001d838b75000 JavaThread "JDWP Command Reader" daemon [_thread_in_native, id=19976, stack(0x000000d416b00000,0x000000d416c00000)]
  0x000001d838b73000 JavaThread "JDWP Event Helper Thread" daemon [_thread_blocked, id=1184, stack(0x000000d416a00000,0x000000d416b00000)]
=>0x000001d838b6c800 JavaThread "JDWP Transport Listener: dt_socket" daemon [_thread_in_vm, id=9424, stack(0x000000d416900000,0x000000d416a00000)]
  0x000001d838b46000 JavaThread "Attach Listener" daemon [_thread_blocked, id=19540, stack(0x000000d416800000,0x000000d416900000)]
  0x000001d838b43000 JavaThread "Signal Dispatcher" daemon [_thread_blocked, id=8452, stack(0x000000d416700000,0x000000d416800000)]
  0x000001d838b27000 JavaThread "Finalizer" daemon [_thread_blocked, id=11712, stack(0x000000d416600000,0x000000d416700000)]
  0x000001d838af7800 JavaThread "Reference Handler" daemon [_thread_blocked, id=18752, stack(0x000000d416500000,0x000000d416600000)]

Other Threads:
  0x000001d838aef800 VMThread [stack: 0x000000d416400000,0x000000d416500000] [id=6168]
  0x000001d83b24c000 WatcherThread [stack: 0x000000d417400000,0x000000d417500000] [id=13488]

VM state:not at safepoint (normal execution)

VM Mutex/Monitor currently owned by a thread: None

heap address: 0x0000000082800000, size: 2008 MB, Compressed Oops mode: 32-bit
Narrow klass base: 0x0000000000000000, Narrow klass shift: 3
Compressed class space size: 1073741824 Address: 0x0000000100000000

Heap:
 PSYoungGen      total 107520K, used 97805K [0x00000000d6300000, 0x00000000df180000, 0x0000000100000000)
  eden space 101888K, 90% used [0x00000000d6300000,0x00000000dbd31490,0x00000000dc680000)
  from space 5632K, 96% used [0x00000000dec00000,0x00000000df1522d0,0x00000000df180000)
  to   space 8704K, 0% used [0x00000000de080000,0x00000000de080000,0x00000000de900000)
 ParOldGen       total 57856K, used 8153K [0x0000000082800000, 0x0000000086080000, 0x00000000d6300000)
  object space 57856K, 14% used [0x0000000082800000,0x0000000082ff6420,0x0000000086080000)
 Metaspace       used 29294K, capacity 31304K, committed 31408K, reserved 1077248K
  class space    used 3912K, capacity 4269K, committed 4272K, reserved 1048576K

Card table byte_map: [0x000001d833880000,0x000001d833c70000] byte_map_base: 0x000001d83346c000

Marking Bits: (ParMarkBitMap*) 0x000000005b636ff0
 Begin Bits: [0x000001d833f10000, 0x000001d835e70000)
 End Bits:   [0x000001d835e70000, 0x000001d837dd0000)

Polling page: 0x000001d822bb0000

CodeCache: size=245760Kb used=6476Kb max_used=6476Kb free=239283Kb
 bounds [0x000001d8244c0000, 0x000001d824b20000, 0x000001d8334c0000]
 total_blobs=3374 nmethods=2955 adapters=339
 compilation: enabled

Compilation events (10 events):
Event: 3.158 Thread 0x000001d83aef5800 nmethod 2948 0x000001d824b0f7d0 code [0x000001d824b0faa0, 0x000001d824b10650]
Event: 3.158 Thread 0x000001d83aef5800 2949       1       org.springframework.core.ResolvableType::isAssignableFrom (10 bytes)
Event: 3.158 Thread 0x000001d83aef5800 nmethod 2949 0x000001d824b11110 code [0x000001d824b11280, 0x000001d824b11460]
Event: 9.155 Thread 0x000001d83aef5800 2950       1       java.lang.Thread::interrupted (8 bytes)
Event: 9.155 Thread 0x000001d83aef5800 nmethod 2950 0x000001d824b11550 code [0x000001d824b116a0, 0x000001d824b117d0]
Event: 9.202 Thread 0x000001d83aef5800 2951       1       java.util.concurrent.atomic.AtomicBoolean::get (13 bytes)
Event: 9.202 Thread 0x000001d83aef5800 nmethod 2951 0x000001d824b11890 code [0x000001d824b119e0, 0x000001d824b11b18]
Event: 39.160 Thread 0x000001d83aef5800 2952       1       java.util.concurrent.ScheduledThreadPoolExecutor$DelayedWorkQueue::setIndex (16 bytes)
Event: 39.160 Thread 0x000001d83aef5800 nmethod 2952 0x000001d824b11b90 code [0x000001d824b11ce0, 0x000001d824b11e78]
Event: 39.499 Thread 0x000001d83aef5800 2953       1       java.util.regex.Matcher::group (112 bytes)

GC Heap History (10 events):
Event: 1.324 GC heap before
{Heap before GC invocations=3 (full 0):
 PSYoungGen      total 37888K, used 37867K [0x00000000d6300000, 0x00000000dad00000, 0x0000000100000000)
  eden space 32768K, 100% used [0x00000000d6300000,0x00000000d8300000,0x00000000d8300000)
  from space 5120K, 99% used [0x00000000d8800000,0x00000000d8cfafa0,0x00000000d8d00000)
  to   space 5120K, 0% used [0x00000000d8300000,0x00000000d8300000,0x00000000d8800000)
 ParOldGen       total 86016K, used 117K [0x0000000082800000, 0x0000000087c00000, 0x00000000d6300000)
  object space 86016K, 0% used [0x0000000082800000,0x000000008281d608,0x0000000087c00000)
 Metaspace       used 16102K, capacity 16732K, committed 16896K, reserved 1064960K
  class space    used 2059K, capacity 2200K, committed 2304K, reserved 1048576K
Event: 1.329 GC heap after
Heap after GC invocations=3 (full 0):
 PSYoungGen      total 37888K, used 5111K [0x00000000d6300000, 0x00000000dad00000, 0x0000000100000000)
  eden space 32768K, 0% used [0x00000000d6300000,0x00000000d6300000,0x00000000d8300000)
  from space 5120K, 99% used [0x00000000d8300000,0x00000000d87fdd60,0x00000000d8800000)
  to   space 5120K, 0% used [0x00000000da800000,0x00000000da800000,0x00000000dad00000)
 ParOldGen       total 86016K, used 638K [0x0000000082800000, 0x0000000087c00000, 0x00000000d6300000)
  object space 86016K, 0% used [0x0000000082800000,0x000000008289f930,0x0000000087c00000)
 Metaspace       used 16102K, capacity 16732K, committed 16896K, reserved 1064960K
  class space    used 2059K, capacity 2200K, committed 2304K, reserved 1048576K
}
Event: 1.450 GC heap before
{Heap before GC invocations=4 (full 0):
 PSYoungGen      total 37888K, used 37879K [0x00000000d6300000, 0x00000000dad00000, 0x0000000100000000)
  eden space 32768K, 100% used [0x00000000d6300000,0x00000000d8300000,0x00000000d8300000)
  from space 5120K, 99% used [0x00000000d8300000,0x00000000d87fdd60,0x00000000d8800000)
  to   space 5120K, 0% used [0x00000000da800000,0x00000000da800000,0x00000000dad00000)
 ParOldGen       total 86016K, used 638K [0x0000000082800000, 0x0000000087c00000, 0x00000000d6300000)
  object space 86016K, 0% used [0x0000000082800000,0x000000008289f930,0x0000000087c00000)
 Metaspace       used 18178K, capacity 18892K, committed 19200K, reserved 1067008K
  class space    used 2309K, capacity 2486K, committed 2560K, reserved 1048576K
Event: 1.455 GC heap after
Heap after GC invocations=4 (full 0):
 PSYoungGen      total 70656K, used 5105K [0x00000000d6300000, 0x00000000dad00000, 0x0000000100000000)
  eden space 65536K, 0% used [0x00000000d6300000,0x00000000d6300000,0x00000000da300000)
  from space 5120K, 99% used [0x00000000da800000,0x00000000dacfc5b8,0x00000000dad00000)
  to   space 5120K, 0% used [0x00000000da300000,0x00000000da300000,0x00000000da800000)
 ParOldGen       total 86016K, used 1968K [0x0000000082800000, 0x0000000087c00000, 0x00000000d6300000)
  object space 86016K, 2% used [0x0000000082800000,0x00000000829ec288,0x0000000087c00000)
 Metaspace       used 18178K, capacity 18892K, committed 19200K, reserved 1067008K
  class space    used 2309K, capacity 2486K, committed 2560K, reserved 1048576K
}
Event: 1.726 GC heap before
{Heap before GC invocations=5 (full 0):
 PSYoungGen      total 70656K, used 50578K [0x00000000d6300000, 0x00000000dad00000, 0x0000000100000000)
  eden space 65536K, 69% used [0x00000000d6300000,0x00000000d8f684c8,0x00000000da300000)
  from space 5120K, 99% used [0x00000000da800000,0x00000000dacfc5b8,0x00000000dad00000)
  to   space 5120K, 0% used [0x00000000da300000,0x00000000da300000,0x00000000da800000)
 ParOldGen       total 86016K, used 1968K [0x0000000082800000, 0x0000000087c00000, 0x00000000d6300000)
  object space 86016K, 2% used [0x0000000082800000,0x00000000829ec288,0x0000000087c00000)
 Metaspace       used 20455K, capacity 21292K, committed 21296K, reserved 1067008K
  class space    used 2655K, capacity 2864K, committed 2864K, reserved 1048576K
Event: 1.734 GC heap after
Heap after GC invocations=5 (full 0):
 PSYoungGen      total 70656K, used 5093K [0x00000000d6300000, 0x00000000df500000, 0x0000000100000000)
  eden space 65536K, 0% used [0x00000000d6300000,0x00000000d6300000,0x00000000da300000)
  from space 5120K, 99% used [0x00000000da300000,0x00000000da7f96a8,0x00000000da800000)
  to   space 9216K, 0% used [0x00000000dec00000,0x00000000dec00000,0x00000000df500000)
 ParOldGen       total 86016K, used 5152K [0x0000000082800000, 0x0000000087c00000, 0x00000000d6300000)
  object space 86016K, 5% used [0x0000000082800000,0x0000000082d080f8,0x0000000087c00000)
 Metaspace       used 20455K, capacity 21292K, committed 21296K, reserved 1067008K
  class space    used 2655K, capacity 2864K, committed 2864K, reserved 1048576K
}
Event: 1.734 GC heap before
{Heap before GC invocations=6 (full 1):
 PSYoungGen      total 70656K, used 5093K [0x00000000d6300000, 0x00000000df500000, 0x0000000100000000)
  eden space 65536K, 0% used [0x00000000d6300000,0x00000000d6300000,0x00000000da300000)
  from space 5120K, 99% used [0x00000000da300000,0x00000000da7f96a8,0x00000000da800000)
  to   space 9216K, 0% used [0x00000000dec00000,0x00000000dec00000,0x00000000df500000)
 ParOldGen       total 86016K, used 5152K [0x0000000082800000, 0x0000000087c00000, 0x00000000d6300000)
  object space 86016K, 5% used [0x0000000082800000,0x0000000082d080f8,0x0000000087c00000)
 Metaspace       used 20455K, capacity 21292K, committed 21296K, reserved 1067008K
  class space    used 2655K, capacity 2864K, committed 2864K, reserved 1048576K
Event: 1.762 GC heap after
Heap after GC invocations=6 (full 1):
 PSYoungGen      total 70656K, used 0K [0x00000000d6300000, 0x00000000df500000, 0x0000000100000000)
  eden space 65536K, 0% used [0x00000000d6300000,0x00000000d6300000,0x00000000da300000)
  from space 5120K, 0% used [0x00000000da300000,0x00000000da300000,0x00000000da800000)
  to   space 9216K, 0% used [0x00000000dec00000,0x00000000dec00000,0x00000000df500000)
 ParOldGen       total 57856K, used 8145K [0x0000000082800000, 0x0000000086080000, 0x00000000d6300000)
  object space 57856K, 14% used [0x0000000082800000,0x0000000082ff4420,0x0000000086080000)
 Metaspace       used 20455K, capacity 21292K, committed 21296K, reserved 1067008K
  class space    used 2655K, capacity 2864K, committed 2864K, reserved 1048576K
}
Event: 2.230 GC heap before
{Heap before GC invocations=7 (full 1):
 PSYoungGen      total 70656K, used 65536K [0x00000000d6300000, 0x00000000df500000, 0x0000000100000000)
  eden space 65536K, 100% used [0x00000000d6300000,0x00000000da300000,0x00000000da300000)
  from space 5120K, 0% used [0x00000000da300000,0x00000000da300000,0x00000000da800000)
  to   space 9216K, 0% used [0x00000000dec00000,0x00000000dec00000,0x00000000df500000)
 ParOldGen       total 57856K, used 8145K [0x0000000082800000, 0x0000000086080000, 0x00000000d6300000)
  object space 57856K, 14% used [0x0000000082800000,0x0000000082ff4420,0x0000000086080000)
 Metaspace       used 23928K, capacity 25436K, committed 25648K, reserved 1071104K
  class space    used 3211K, capacity 3516K, committed 3632K, reserved 1048576K
Event: 2.234 GC heap after
Heap after GC invocations=7 (full 1):
 PSYoungGen      total 107520K, used 5448K [0x00000000d6300000, 0x00000000df180000, 0x0000000100000000)
  eden space 101888K, 0% used [0x00000000d6300000,0x00000000d6300000,0x00000000dc680000)
  from space 5632K, 96% used [0x00000000dec00000,0x00000000df1522d0,0x00000000df180000)
  to   space 8704K, 0% used [0x00000000de080000,0x00000000de080000,0x00000000de900000)
 ParOldGen       total 57856K, used 8153K [0x0000000082800000, 0x0000000086080000, 0x00000000d6300000)
  object space 57856K, 14% used [0x0000000082800000,0x0000000082ff6420,0x0000000086080000)
 Metaspace       used 23928K, capacity 25436K, committed 25648K, reserved 1071104K
  class space    used 3211K, capacity 3516K, committed 3632K, reserved 1048576K
}

Deoptimization events (0 events):
No events

Classes redefined (0 events):
No events

Internal exceptions (10 events):
Event: 3.111 Thread 0x000001d822a11800 Exception <a 'java/lang/ArrayIndexOutOfBoundsException'> (0x00000000db3ea678) thrown at [C:\jenkins\workspace\8-2-build-windows-amd64-cygwin\jdk8u281\880\hotspot\src\share\vm\runtime\sharedRuntime.cpp, line 609]
Event: 3.111 Thread 0x000001d822a11800 Exception <a 'java/lang/ArrayIndexOutOfBoundsException'> (0x00000000db405aa8) thrown at [C:\jenkins\workspace\8-2-build-windows-amd64-cygwin\jdk8u281\880\hotspot\src\share\vm\runtime\sharedRuntime.cpp, line 609]
Event: 3.147 Thread 0x000001d822a11800 Exception <a 'java/lang/ArrayIndexOutOfBoundsException'> (0x00000000db708748) thrown at [C:\jenkins\workspace\8-2-build-windows-amd64-cygwin\jdk8u281\880\hotspot\src\share\vm\runtime\sharedRuntime.cpp, line 609]
Event: 3.147 Thread 0x000001d822a11800 Exception <a 'java/lang/ArrayIndexOutOfBoundsException'> (0x00000000db7126f0) thrown at [C:\jenkins\workspace\8-2-build-windows-amd64-cygwin\jdk8u281\880\hotspot\src\share\vm\runtime\sharedRuntime.cpp, line 609]
Event: 3.148 Thread 0x000001d822a11800 Exception <a 'java/lang/ArrayIndexOutOfBoundsException'> (0x00000000db714e58) thrown at [C:\jenkins\workspace\8-2-build-windows-amd64-cygwin\jdk8u281\880\hotspot\src\share\vm\runtime\sharedRuntime.cpp, line 609]
Event: 3.148 Thread 0x000001d822a11800 Exception <a 'java/lang/ArrayIndexOutOfBoundsException'> (0x00000000db7175d0) thrown at [C:\jenkins\workspace\8-2-build-windows-amd64-cygwin\jdk8u281\880\hotspot\src\share\vm\runtime\sharedRuntime.cpp, line 609]
Event: 3.148 Thread 0x000001d822a11800 Exception <a 'java/lang/ArrayIndexOutOfBoundsException'> (0x00000000db718e98) thrown at [C:\jenkins\workspace\8-2-build-windows-amd64-cygwin\jdk8u281\880\hotspot\src\share\vm\runtime\sharedRuntime.cpp, line 609]
Event: 3.157 Thread 0x000001d822a11800 Exception <a 'java/lang/ArrayIndexOutOfBoundsException'> (0x00000000db7ca318) thrown at [C:\jenkins\workspace\8-2-build-windows-amd64-cygwin\jdk8u281\880\hotspot\src\share\vm\runtime\sharedRuntime.cpp, line 609]
Event: 3.158 Thread 0x000001d822a11800 Exception <a 'java/lang/ArrayIndexOutOfBoundsException'> (0x00000000db7cc620) thrown at [C:\jenkins\workspace\8-2-build-windows-amd64-cygwin\jdk8u281\880\hotspot\src\share\vm\runtime\sharedRuntime.cpp, line 609]
Event: 3.159 Thread 0x000001d822a11800 Exception <a 'java/lang/ArrayIndexOutOfBoundsException'> (0x00000000db7e0510) thrown at [C:\jenkins\workspace\8-2-build-windows-amd64-cygwin\jdk8u281\880\hotspot\src\share\vm\runtime\sharedRuntime.cpp, line 609]

Events (10 events):
Event: 39.499 Thread 0x000001d838b6c800 DEOPT PACKING pc=0x000001d8247582dc sp=0x000000d4169fdab0
Event: 39.499 Thread 0x000001d838b6c800 DEOPT UNPACKING pc=0x000001d824507898 sp=0x000000d4169fd840 mode 1
Event: 39.499 Thread 0x000001d838b6c800 DEOPT PACKING pc=0x000001d8246c8b8c sp=0x000000d4169fdb90
Event: 39.499 Thread 0x000001d838b6c800 DEOPT UNPACKING pc=0x000001d824507898 sp=0x000000d4169fda08 mode 1
Event: 39.499 Thread 0x000001d838b6c800 DEOPT PACKING pc=0x000001d824745ad4 sp=0x000000d4169fdde0
Event: 39.499 Thread 0x000001d838b6c800 DEOPT UNPACKING pc=0x000001d824507898 sp=0x000000d4169fdcd8 mode 1
Event: 39.499 Thread 0x000001d838b6c800 DEOPT PACKING pc=0x000001d82478b2ac sp=0x000000d4169fe0e0
Event: 39.499 Thread 0x000001d838b6c800 DEOPT UNPACKING pc=0x000001d824507898 sp=0x000000d4169fde00 mode 1
Event: 39.499 Thread 0x000001d838b6c800 DEOPT PACKING pc=0x000001d8245f1904 sp=0x000000d4169fe1a0
Event: 39.499 Thread 0x000001d838b6c800 DEOPT UNPACKING pc=0x000001d824507898 sp=0x000000d4169fdf18 mode 1


Dynamic libraries:
0x00007ff6fc130000 - 0x00007ff6fc177000 	C:\Program Files\Java\jre1.8.0_281\bin\javaw.exe
0x00007ffa68cd0000 - 0x00007ffa68ec8000 	C:\WINDOWS\SYSTEM32\ntdll.dll
0x00007ffa670b0000 - 0x00007ffa6716f000 	C:\WINDOWS\System32\KERNEL32.DLL
0x00007ffa669d0000 - 0x00007ffa66ca2000 	C:\WINDOWS\System32\KERNELBASE.dll
0x00007ffa67c60000 - 0x00007ffa67d0e000 	C:\WINDOWS\System32\ADVAPI32.dll
0x00007ffa68bf0000 - 0x00007ffa68c8e000 	C:\WINDOWS\System32\msvcrt.dll
0x00007ffa67d80000 - 0x00007ffa67e1c000 	C:\WINDOWS\System32\sechost.dll
0x00007ffa66f80000 - 0x00007ffa670a5000 	C:\WINDOWS\System32\RPCRT4.dll
0x00007ffa66d10000 - 0x00007ffa66eb1000 	C:\WINDOWS\System32\USER32.dll
0x00007ffa66cb0000 - 0x00007ffa66cd2000 	C:\WINDOWS\System32\win32u.dll
0x00007ffa68460000 - 0x00007ffa6848b000 	C:\WINDOWS\System32\GDI32.dll
0x00007ffa66410000 - 0x00007ffa6651f000 	C:\WINDOWS\System32\gdi32full.dll
0x00007ffa66930000 - 0x00007ffa669cd000 	C:\WINDOWS\System32\msvcp_win.dll
0x00007ffa66660000 - 0x00007ffa66760000 	C:\WINDOWS\System32\ucrtbase.dll
0x00007ffa5a520000 - 0x00007ffa5a7ba000 	C:\WINDOWS\WinSxS\amd64_microsoft.windows.common-controls_6595b64144ccf1df_6.0.19041.1110_none_60b5254171f9507e\COMCTL32.dll
0x00007ffa682e0000 - 0x00007ffa68312000 	C:\WINDOWS\System32\IMM32.DLL
0x00007ffa62100000 - 0x00007ffa62115000 	C:\Program Files\Java\jre1.8.0_281\bin\vcruntime140.dll
0x00007ffa52ad0000 - 0x00007ffa52b6b000 	C:\Program Files\Java\jre1.8.0_281\bin\msvcp140.dll
0x000000005ae50000 - 0x000000005b6af000 	C:\Program Files\Java\jre1.8.0_281\bin\server\jvm.dll
0x00007ffa68be0000 - 0x00007ffa68be8000 	C:\WINDOWS\System32\PSAPI.DLL
0x00007ffa64f30000 - 0x00007ffa64f39000 	C:\WINDOWS\SYSTEM32\WSOCK32.dll
0x00007ffa50000000 - 0x00007ffa50027000 	C:\WINDOWS\SYSTEM32\WINMM.dll
0x00007ffa5de00000 - 0x00007ffa5de0a000 	C:\WINDOWS\SYSTEM32\VERSION.dll
0x00007ffa67d10000 - 0x00007ffa67d7b000 	C:\WINDOWS\System32\WS2_32.dll
0x00007ffa64a90000 - 0x00007ffa64aa2000 	C:\WINDOWS\SYSTEM32\kernel.appcore.dll
0x00007ffa63b00000 - 0x00007ffa63b10000 	C:\Program Files\Java\jre1.8.0_281\bin\verify.dll
0x00007ffa558a0000 - 0x00007ffa558cb000 	C:\Program Files\Java\jre1.8.0_281\bin\java.dll
0x00007ffa5b8c0000 - 0x00007ffa5b8f6000 	C:\Program Files\Java\jre1.8.0_281\bin\jdwp.dll
0x00007ffa63bc0000 - 0x00007ffa63bc9000 	C:\Program Files\Java\jre1.8.0_281\bin\npt.dll
0x00007ffa54380000 - 0x00007ffa543b0000 	C:\Program Files\Java\jre1.8.0_281\bin\instrument.dll
0x00007ffa5c430000 - 0x00007ffa5c448000 	C:\Program Files\Java\jre1.8.0_281\bin\zip.dll
0x00007ffa68490000 - 0x00007ffa68bd4000 	C:\WINDOWS\System32\SHELL32.dll
0x00007ffa64290000 - 0x00007ffa64a22000 	C:\WINDOWS\SYSTEM32\windows.storage.dll
0x00007ffa676c0000 - 0x00007ffa67a15000 	C:\WINDOWS\System32\combase.dll
0x00007ffa65cc0000 - 0x00007ffa65cf0000 	C:\WINDOWS\SYSTEM32\Wldp.dll
0x00007ffa67a80000 - 0x00007ffa67b2d000 	C:\WINDOWS\System32\SHCORE.dll
0x00007ffa68000000 - 0x00007ffa68055000 	C:\WINDOWS\System32\shlwapi.dll
0x00007ffa66300000 - 0x00007ffa6631f000 	C:\WINDOWS\SYSTEM32\profapi.dll
0x00007ffa635f0000 - 0x00007ffa635fa000 	C:\Program Files\Java\jre1.8.0_281\bin\dt_socket.dll
0x00007ffa60d50000 - 0x00007ffa60d67000 	C:\WINDOWS\system32\napinsp.dll
0x00007ffa60550000 - 0x00007ffa6056b000 	C:\WINDOWS\system32\pnrpnsp.dll
0x00007ffa5f930000 - 0x00007ffa5f945000 	C:\WINDOWS\system32\wshbth.dll
0x00007ffa61680000 - 0x00007ffa6169d000 	C:\WINDOWS\system32\NLAapi.dll
0x00007ffa65760000 - 0x00007ffa6579b000 	C:\WINDOWS\SYSTEM32\IPHLPAPI.DLL
0x00007ffa65a50000 - 0x00007ffa65aba000 	C:\WINDOWS\System32\mswsock.dll
0x00007ffa657a0000 - 0x00007ffa6586a000 	C:\WINDOWS\SYSTEM32\DNSAPI.dll
0x00007ffa683a0000 - 0x00007ffa683a8000 	C:\WINDOWS\System32\NSI.dll
0x00007ffa60510000 - 0x00007ffa60522000 	C:\WINDOWS\System32\winrnr.dll
0x00007ffa58420000 - 0x00007ffa584a0000 	C:\WINDOWS\System32\fwpuclnt.dll
0x00007ffa66ce0000 - 0x00007ffa66d07000 	C:\WINDOWS\System32\bcrypt.dll
0x00007ffa57ac0000 - 0x00007ffa57aca000 	C:\Windows\System32\rasadhlp.dll
0x00007ffa620e0000 - 0x00007ffa620ed000 	C:\Program Files\Java\jre1.8.0_281\bin\management.dll
0x00007ffa540f0000 - 0x00007ffa5410c000 	C:\Program Files\Java\jre1.8.0_281\bin\net.dll
0x00007ffa540d0000 - 0x00007ffa540e3000 	C:\Program Files\Java\jre1.8.0_281\bin\nio.dll
0x00007ffa65be0000 - 0x00007ffa65bf8000 	C:\WINDOWS\SYSTEM32\CRYPTSP.dll
0x00007ffa65380000 - 0x00007ffa653b4000 	C:\WINDOWS\system32\rsaenh.dll
0x00007ffa66270000 - 0x00007ffa6629e000 	C:\WINDOWS\SYSTEM32\USERENV.dll
0x00007ffa665d0000 - 0x00007ffa66652000 	C:\WINDOWS\System32\bcryptprimitives.dll
0x00007ffa65c00000 - 0x00007ffa65c0c000 	C:\WINDOWS\SYSTEM32\CRYPTBASE.dll
0x00007ffa5aca0000 - 0x00007ffa5acb7000 	C:\WINDOWS\SYSTEM32\dhcpcsvc6.DLL
0x00007ffa58830000 - 0x00007ffa5884d000 	C:\WINDOWS\SYSTEM32\dhcpcsvc.DLL
0x00007ffa46510000 - 0x00007ffa46534000 	C:\Program Files\Java\jre1.8.0_281\bin\sunec.dll
0x00007ffa62120000 - 0x00007ffa6212d000 	C:\Program Files\Java\jre1.8.0_281\bin\sunmscapi.dll
0x00007ffa667d0000 - 0x00007ffa66926000 	C:\WINDOWS\System32\CRYPT32.dll
0x00007ffa65d30000 - 0x00007ffa65d57000 	C:\WINDOWS\SYSTEM32\ncrypt.dll
0x00007ffa65cf0000 - 0x00007ffa65d2b000 	C:\WINDOWS\SYSTEM32\NTASN1.dll
0x00007ffa63fb0000 - 0x00007ffa64194000 	C:\WINDOWS\SYSTEM32\dbghelp.dll

VM Arguments:
jvm_args: -agentlib:jdwp=transport=dt_socket,suspend=y,address=localhost:57256 -Dcom.sun.management.jmxremote -Dcom.sun.management.jmxremote.port=57255 -Dcom.sun.management.jmxremote.authenticate=false -Dcom.sun.management.jmxremote.ssl=false -Djava.rmi.server.hostname=localhost -Dspring.jmx.enabled=true -Dspring.liveBeansView.mbeanDomain -Dspring.application.admin.enabled=true -Xverify:none -XX:TieredStopAtLevel=1 -Dspring.boot.project.name=pet -javaagent:D:\spring-tool-suite-3.9.12.RELEASE-e4.15.0-win32-x86_64\sts-bundle\sts-3.9.12.RELEASE\configuration\org.eclipse.osgi\309\0\.cp\lib\javaagent-shaded.jar -Dfile.encoding=UTF-8 
java_command: com.demo.pet.PetApplication --spring.output.ansi.enabled=always
java_class_path (initial): D:\dans_project_workspace\pet\target\classes;C:\Users\bayua\.m2\repository\org\springframework\boot\spring-boot-starter-web\2.7.10\spring-boot-starter-web-2.7.10.jar;C:\Users\bayua\.m2\repository\org\springframework\boot\spring-boot-starter\2.7.10\spring-boot-starter-2.7.10.jar;C:\Users\bayua\.m2\repository\org\springframework\boot\spring-boot\2.7.10\spring-boot-2.7.10.jar;C:\Users\bayua\.m2\repository\org\springframework\boot\spring-boot-autoconfigure\2.7.10\spring-boot-autoconfigure-2.7.10.jar;C:\Users\bayua\.m2\repository\org\springframework\boot\spring-boot-starter-logging\2.7.10\spring-boot-starter-logging-2.7.10.jar;C:\Users\bayua\.m2\repository\ch\qos\logback\logback-classic\1.2.11\logback-classic-1.2.11.jar;C:\Users\bayua\.m2\repository\ch\qos\logback\logback-core\1.2.11\logback-core-1.2.11.jar;C:\Users\bayua\.m2\repository\org\apache\logging\log4j\log4j-to-slf4j\2.17.2\log4j-to-slf4j-2.17.2.jar;C:\Users\bayua\.m2\repository\org\apache\logging\log4j\log4j-api\2.17.2\log4j-api-2.17.2.jar;C:\Users\bayua\.m2\repository\org\slf4j\jul-to-slf4j\1.7.36\jul-to-slf4j-1.7.36.jar;C:\Users\bayua\.m2\repository\jakarta\annotation\jakarta.annotation-api\1.3.5\jakarta.annotation-api-1.3.5.jar;C:\Users\bayua\.m2\repository\org\yaml\snakeyaml\1.30\snakeyaml-1.30.jar;C:\Users\bayua\.m2\repository\org\springframework\boot\spring-boot-starter-json\2.7.10\spring-boot-starter-json-2.7.10.jar;C:\Users\bayua\.m2\repository\com\fasterxml\jackson\core\jackson-databind\2.13.5\jackson-databind-2.13.5.jar;C:\Users\bayua\.m2\repository\com\fasterxml\jackson\core\jackson-annotations\2.13.5\jackson-annotations-2.13.5.jar;C:\Users\bayua\.m2\repository\com\fasterxml\jackson\core\jackson-core\2.13.5\jackson-core-2.13.5.jar;C:\Users\bayua\.m2\repository\com\fasterxml\jackson\datatype\jackson-datatype-jdk8\2.13.5\jackson-datatype-jdk8-2.13.5.jar;C:\Users\bayua\.m2\repository\com\fasterxml\jackson\datatype\jackson-datatype-jsr310\2.13.5\jackson-datatype-jsr310-2.13.5
Launcher Type: SUN_STANDARD

Environment Variables:
JAVA_HOME=C:\Program Files\Java\jdk1.8.0_281
PATH=C:/Program Files/Java/jre1.8.0_281/bin/server;C:/Program Files/Java/jre1.8.0_281/bin;C:/Program Files/Java/jre1.8.0_281/lib/amd64;C:\oraclexe\app\oracle\product\11.2.0\server\bin;;C:\Program Files (x86)\Common Files\Oracle\Java\javapath;C:\oraclexe\app\oracle\product\11.2.0\server\bin;C:\WINDOWS\system32;C:\WINDOWS;C:\WINDOWS\System32\Wbem;C:\WINDOWS\System32\WindowsPowerShell\v1.0\;C:\WINDOWS\System32\OpenSSH\;C:\Program Files\Acer ProShield\;C:\Program Files\Acer ProShield\x86;C:\Program Files\nodejs\;C:\Program Files\Git\cmd;C:\Program Files\Docker\Docker\resources\bin;C:\ProgramData\DockerDesktop\version-bin;C:\apache-maven-3.8.1\bin;D:\elastic_stack\logstash-7.16.3\bin;D:\elastic_stack\elasticsearch-7.16.3\bin;D:\elastic_stack\kibana-7.16.3-windows-x86_64\bin;D:\Project Dans\Redis-x64-3.2.100;C:\Program Files\erl-24.2\bin;C:\Users\bayua\AppData\Local\Microsoft\WindowsApps;C:\Users\bayua\AppData\Local\Programs\Microsoft VS Code\bin;C:\Users\bayua\AppData\Roaming\npm;C:\apache-maven-3.8.1\bin;C:\Program Files\Java\jdk1.8.0_281\bin;;D:\spring-tool-suite-3.9.12.RELEASE-e4.15.0-win32-x86_64\sts-bundle\sts-3.9.12.RELEASE;
USERNAME=bayua
OS=Windows_NT
PROCESSOR_IDENTIFIER=Intel64 Family 6 Model 142 Stepping 12, GenuineIntel



---------------  S Y S T E M  ---------------

OS: Windows 10.0 , 64 bit Build 19041 (10.0.19041.2364)

CPU:total 8 (initial active 8) (4 cores per cpu, 2 threads per core) family 6 model 142 stepping 12, cmov, cx8, fxsr, mmx, sse, sse2, sse3, ssse3, sse4.1, sse4.2, popcnt, avx, avx2, aes, clmul, erms, 3dnowpref, lzcnt, ht, tsc, tscinvbit, bmi1, bmi2, adx

Memory: 4k page, physical 8220088k(1153860k free), swap 15187104k(3218924k free)

vm_info: Java HotSpot(TM) 64-Bit Server VM (25.281-b09) for windows-amd64 JRE (1.8.0_281-b09), built on Dec  9 2020 13:54:07 by "" with MS VC++ 15.9 (VS2017)

time: Sat Apr 15 17:52:19 2023
timezone: SE Asia Standard Time
elapsed time: 39.508166 seconds (0d 0h 0m 39s)

